{"level":"info","message":"User DalaScript logged in"}
{"level":"info","message":"User DalaScript logged in"}
{"level":"info","message":"User DalaScript logged in"}
{"level":"info","message":"User DalaScript logged in"}
{"level":"info","message":"User DalaScript logged in"}
{"level":"info","message":"User DalaScript logged in"}
{"level":"info","message":"User DalaScript logged in"}
{"level":"info","message":"User DalaScript logged in"}
{"level":"info","message":"User DalaScript logged in"}
{"level":"info","message":"User DalaScript accessed /tasks"}
{"level":"info","message":"User testuser logged in"}
{"level":"info","message":"User testuser logged in"}
{"level":"info","message":"User testuser accessed /login/auth"}
{"level":"info","message":"User testuser logged in"}
{"level":"info","message":"User testuser accessed /tasks"}
{"level":"info","message":"User testuser accessed /tasks"}
{"level":"info","message":"User testuser accessed /tasks"}
{"level":"info","message":"User testuser accessed /tasks"}
{"level":"info","message":"User testuser logged in"}
{"level":"info","message":"User testuser accessed /tasks"}
{"level":"info","message":"User testuser accessed /tasks"}
{"level":"info","message":"User user1 logged in"}
{"level":"info","message":"User user1 accessed /tasks"}
{"level":"info","message":"User user1 accessed /tasks"}
{"level":"info","message":"User user1 accessed /tasks"}
{"level":"info","message":"User user1 accessed /tasks/"}
{"level":"info","message":"User testuser logged in"}
{"level":"info","message":"User testuser accessed /tasks"}
{"level":"info","message":"User testuser accessed /tasks"}
{"level":"info","message":"User testuser accessed /tasks/67d847779ece3376db575c52"}
{"level":"info","message":"User testuser accessed /tasks/67d847779ece3376db575c52"}
{"level":"info","message":"User DalaScript logged in"}
{"level":"info","message":"User DalaScript accessed /tasks"}
{"level":"info","message":"User DalaScript accessed /tasks"}
{"level":"info","message":"User DalaScript accessed /tasks"}
{"level":"info","message":"User DalaScript accessed /tasks"}
{"level":"info","message":"User DalaScript accessed /tasks"}
{"level":"info","message":"User DalaScript accessed /tasks"}
{"level":"info","message":"User DalaScript accessed /tasks"}
{"level":"info","message":"User DalaScript accessed /tasks"}
{"level":"info","message":"User DalaScript accessed /tasks"}
{"level":"info","message":"User DalaScript accessed /tasks"}
{"level":"info","message":"User DalaScript accessed /tasks"}
{"level":"info","message":"User DalaScript accessed /tasks"}
{"level":"info","message":"User DalaScript accessed /tasks"}
{"level":"info","message":"User DalaScript accessed /tasks"}
{"level":"info","message":"User DalaScript logged in"}
{"level":"info","message":"User DalaScript accessed /tasks"}
{"level":"info","message":"User DalaScript accessed /tasks"}
{"level":"info","message":"User DalaScript accessed /tasks?sort=asc"}
{"level":"info","message":"User DalaScript accessed /tasks??sort=desc"}
{"level":"info","message":"User DalaScript accessed /tasks"}
{"level":"info","message":"User DalaScript accessed /tasks?sort=desc"}
{"level":"info","message":"User DalaScript accessed /tasks?startDate=2024-01-01&endDate=2024-12-31"}
{"level":"info","message":"User DalaScript accessed /tasks?startDate=2025-01-01&endDate=2025-12-31"}
{"level":"info","message":"User DalaScript accessed /tasks?startDate=2025-01-01&endDate=2025-01-01"}
{"level":"info","message":"User DalaScript logged in"}
{"level":"info","message":"User DalaScript accessed /profile"}
{"level":"info","message":"User DalaScript accessed /profile"}
{"level":"info","message":"User DalaScript logged in"}
{"level":"info","message":"User DalaScript logged in"}
{"level":"info","message":"User DalaScript logged in"}
{"level":"info","message":"User DalaScript accessed /user/random"}
{"level":"info","message":"User DalaScript accessed /user/random"}
{"level":"info","message":"User DalaScript accessed /user/random"}
{"level":"info","message":"User DalaScript accessed /users/random"}
{"level":"info","message":"User DalaScript accessed /users/random"}
{"level":"info","message":"User DalaScript accessed /users/random"}
{"level":"info","message":"User DalaScript accessed /users/random"}
{"level":"info","message":"User DalaScript accessed /users/random"}
{"level":"info","message":"User DalaScript accessed /users/random"}
{"level":"info","message":"User DalaScript accessed /users/random"}
{"level":"info","message":"User DalaScript accessed /users/random"}
{"level":"info","message":"User DalaScript accessed /users/random"}
{"level":"info","message":"User DalaScript accessed /users/random"}
{"level":"info","message":"User DalaScript logged in"}
{"level":"info","message":"User DalaScript accessed /tasks?sort=asc&completed=true&priority=1&startDate=2024-01-01&endDate=2024-12-31"}
{"level":"info","message":"User DalaScript accessed /tasks?sort=asc&completed=true"}
{"level":"info","message":"User DalaScript accessed /tasks/67da964490d1f0242bc1cbf1"}
{"level":"info","message":"User DalaScript logged in"}
{"level":"info","message":"User DalaScript accessed /users"}
{"level":"info","message":"User DalaScript accessed /random/users"}
{"level":"info","message":"User DalaScript accessed /users/random"}
{"level":"info","message":"User DalaScript accessed /users"}
{"level":"info","message":"User DalaScript accessed /users/67db1186314b99a3b3fb1d97"}
{"level":"info","message":"User DalaScript accessed /users/67db1186314b99a3b3fb1d97"}
{"level":"info","message":"User john logged in"}
{"level":"info","message":"User DalaScript accessed /users/67dab0e564d9cc6fee86d41b"}
{"level":"info","message":"User john logged in"}
{"level":"info","message":"User john accessed /users/67d846ad9ece3376db575c51"}
{"level":"info","message":"User john logged in"}
{"level":"info","message":"User john logged in"}
{"level":"info","message":"User john accessed /tasks"}
{"level":"info","message":"User new logged in"}
{"level":"info","message":"User new accessed /profile"}
{"level":"info","message":"User new logged in"}
{"level":"info","message":"User new logged in"}
{"level":"info","message":"User dom logged in"}
{"level":"info","message":"User dom accessed /profile"}
{"level":"info","message":"User dom accessed /tasks"}
{"level":"info","message":"User dom accessed /tasks/6804f5a26300cbc8924f7087"}
{"level":"info","message":"User dom accessed /tasks"}
{"level":"info","message":"User dom accessed /tasks/6804f5a26300cbc8924f7087"}
{"level":"info","message":"User dom accessed /tasks"}
{"level":"info","message":"User dom accessed /tasks/6804f5746300cbc8924f7086"}
{"level":"info","message":"User dom accessed /tasks"}
{"level":"info","message":"User dom accessed /tasks/6804f5746300cbc8924f7086"}
{"level":"info","message":"User dom logged in"}
{"level":"info","message":"User dom accessed /profile"}
{"level":"info","message":"User dom accessed /profile"}
{"level":"info","message":"User dom accessed /profile"}
{"level":"info","message":"User dom accessed /profile"}
{"level":"info","message":"User dom accessed /profile"}
{"level":"info","message":"User dom accessed /profile"}
{"level":"info","message":"User dom accessed /profile"}
{"level":"info","message":"User dom accessed /profile"}
{"level":"info","message":"User dom accessed /profile"}
{"level":"info","message":"User dom accessed /profile"}
{"level":"info","message":"User dom logged in"}
{"level":"info","message":"User dom accessed /profile"}
{"level":"info","message":"User dom accessed /profile"}
{"level":"info","message":"User dom logged in"}
{"level":"info","message":"User dom accessed /profile"}
{"level":"info","message":"User dom accessed /tasks?sort=desc"}
{"level":"info","message":"User dom accessed /tasks"}
{"level":"info","message":"User dom accessed /tasks?sort=desc"}
{"level":"info","message":"User dom accessed /profile"}
{"level":"info","message":"User newtest logged in"}
{"level":"info","message":"User newtest accessed /profile"}
{"level":"info","message":"User newtest accessed /tasks?sort=desc"}
{"level":"info","message":"User newtest accessed /tasks?completed=true&sort=desc"}
{"level":"info","message":"User newtest accessed /tasks?sort=desc"}
{"level":"info","message":"User newtest accessed /tasks"}
{"level":"info","message":"User newtest accessed /tasks"}
{"level":"info","message":"User newtest accessed /tasks"}
{"level":"info","message":"User newusertest logged in"}
{"level":"info","message":"User newusertest accessed /profile"}
{"level":"info","message":"User newusertest accessed /tasks?sort=desc"}
{"level":"info","message":"User newusertest accessed /tasks"}
{"level":"info","message":"User newusertest accessed /tasks?sort=desc"}
{"level":"info","message":"User newusertest logged in"}
{"level":"info","message":"User newusertest accessed /profile"}
{"level":"info","message":"User newusertest accessed /tasks?sort=desc"}
{"level":"info","message":"User newusertest accessed /tasks/68089201435ab5e9f0881a52"}
{"level":"info","message":"User newusertest accessed /tasks?sort=desc"}
{"level":"info","message":"User newusertest accessed /tasks/68089201435ab5e9f0881a52"}
{"level":"info","message":"User newusertest accessed /tasks/68089201435ab5e9f0881a52"}
{"level":"info","message":"User newusertest accessed /tasks/68089201435ab5e9f0881a52"}
{"level":"info","message":"User newusertest accessed /tasks/68089201435ab5e9f0881a52"}
{"level":"info","message":"User newusertest accessed /tasks/68089201435ab5e9f0881a52"}
{"level":"info","message":"User newusertest accessed /tasks/68089201435ab5e9f0881a52"}
{"level":"info","message":"User newusertest accessed /tasks/68089201435ab5e9f0881a52"}
{"level":"info","message":"User newusertest accessed /tasks/68089201435ab5e9f0881a52"}
{"level":"info","message":"User newusertest accessed /tasks/68089201435ab5e9f0881a52"}
{"level":"info","message":"User newusertest accessed /tasks/68089201435ab5e9f0881a52"}
{"level":"info","message":"User newusertest accessed /tasks/68089201435ab5e9f0881a52"}
{"level":"info","message":"User newusertest accessed /tasks/68089201435ab5e9f0881a52"}
{"level":"info","message":"User newusertest accessed /tasks/68089201435ab5e9f0881a52"}
{"level":"info","message":"User newusertest accessed /tasks/68089201435ab5e9f0881a52"}
{"level":"info","message":"User newusertest accessed /tasks/68089201435ab5e9f0881a52"}
{"level":"info","message":"User newusertest accessed /tasks/68089201435ab5e9f0881a52"}
{"level":"info","message":"User newusertest accessed /tasks/68089201435ab5e9f0881a52"}
{"level":"info","message":"User newusertest accessed /tasks/68089201435ab5e9f0881a52"}
{"level":"info","message":"User newusertest accessed /tasks/68089201435ab5e9f0881a52"}
{"level":"info","message":"User newusertest accessed /tasks/68089201435ab5e9f0881a52"}
{"level":"info","message":"User newusertest accessed /tasks/68089201435ab5e9f0881a52"}
{"level":"info","message":"User newusertest accessed /tasks/68089201435ab5e9f0881a52"}
{"level":"info","message":"User newusertest accessed /tasks/68089201435ab5e9f0881a52"}
{"level":"info","message":"User newusertest accessed /tasks/68089201435ab5e9f0881a52"}
{"level":"info","message":"User newusertest accessed /tasks/68089201435ab5e9f0881a52"}
{"level":"info","message":"User newusertest accessed /tasks/68089201435ab5e9f0881a52"}
{"level":"info","message":"User newusertest accessed /tasks/68089201435ab5e9f0881a52"}
{"level":"info","message":"User newusertest accessed /tasks/68089201435ab5e9f0881a52"}
{"level":"info","message":"User newusertest accessed /tasks/68089201435ab5e9f0881a52"}
{"level":"info","message":"User newusertest accessed /tasks/68089201435ab5e9f0881a52"}
{"level":"info","message":"User newusertest accessed /tasks/68089201435ab5e9f0881a52"}
{"level":"info","message":"User newusertest accessed /tasks/68089201435ab5e9f0881a52"}
{"level":"info","message":"User newusertest accessed /tasks/68089201435ab5e9f0881a52"}
{"level":"info","message":"User newusertest accessed /tasks/68089201435ab5e9f0881a52"}
{"level":"info","message":"User newusertest accessed /tasks/68089201435ab5e9f0881a52"}
{"level":"info","message":"User newusertest accessed /tasks/68089201435ab5e9f0881a52"}
{"level":"info","message":"User newusertest accessed /tasks/68089201435ab5e9f0881a52"}
{"level":"info","message":"User newusertest accessed /tasks/68089201435ab5e9f0881a52"}
{"level":"info","message":"User newusertest accessed /tasks/68089201435ab5e9f0881a52"}
{"level":"info","message":"User newusertest accessed /tasks/68089201435ab5e9f0881a52"}
{"level":"info","message":"User newusertest accessed /tasks/68089201435ab5e9f0881a52"}
{"level":"info","message":"User newusertest accessed /tasks/68089201435ab5e9f0881a52"}
{"level":"info","message":"User newusertest accessed /tasks/68089201435ab5e9f0881a52"}
{"level":"info","message":"User newusertest accessed /tasks/68089201435ab5e9f0881a52"}
{"level":"info","message":"User newusertest accessed /tasks/68089201435ab5e9f0881a52"}
{"level":"info","message":"User newusertest accessed /tasks"}
{"level":"info","message":"User newusertest accessed /tasks?sort=desc"}
